2023/08/23 13:45:20 [notice] 1#1: using the "epoll" event method
2023/08/23 13:45:20 [notice] 1#1: nginx/1.25.2
2023/08/23 13:45:20 [notice] 1#1: built by gcc 12.2.1 20220924 (Alpine 12.2.1_git20220924-r10) 
2023/08/23 13:45:20 [notice] 1#1: OS: Linux 5.19.0-50-generic
2023/08/23 13:45:20 [notice] 1#1: getrlimit(RLIMIT_NOFILE): 1048576:1048576
2023/08/23 13:45:20 [notice] 1#1: start worker processes
2023/08/23 13:45:20 [notice] 1#1: start worker process 29
2023/08/23 13:45:20 [notice] 1#1: start worker process 30
2023/08/23 13:46:26 [notice] 1#1: signal 3 (SIGQUIT) received, shutting down
2023/08/23 13:46:26 [notice] 30#30: gracefully shutting down
2023/08/23 13:46:26 [notice] 30#30: exiting
2023/08/23 13:46:26 [notice] 30#30: exit
2023/08/23 13:46:26 [notice] 29#29: gracefully shutting down
2023/08/23 13:46:26 [notice] 29#29: exiting
2023/08/23 13:46:26 [notice] 29#29: exit
2023/08/23 13:46:26 [notice] 1#1: signal 17 (SIGCHLD) received from 30
2023/08/23 13:46:26 [notice] 1#1: worker process 30 exited with code 0
2023/08/23 13:46:26 [notice] 1#1: signal 29 (SIGIO) received
2023/08/23 13:46:26 [notice] 1#1: signal 17 (SIGCHLD) received from 29
2023/08/23 13:46:26 [notice] 1#1: worker process 29 exited with code 0
2023/08/23 13:46:26 [notice] 1#1: exit
2023/08/23 13:46:27 [notice] 1#1: using the "epoll" event method
2023/08/23 13:46:27 [notice] 1#1: nginx/1.25.2
2023/08/23 13:46:27 [notice] 1#1: built by gcc 12.2.1 20220924 (Alpine 12.2.1_git20220924-r10) 
2023/08/23 13:46:27 [notice] 1#1: OS: Linux 5.19.0-50-generic
2023/08/23 13:46:27 [notice] 1#1: getrlimit(RLIMIT_NOFILE): 1048576:1048576
2023/08/23 13:46:27 [notice] 1#1: start worker processes
2023/08/23 13:46:27 [notice] 1#1: start worker process 29
2023/08/23 13:46:27 [notice] 1#1: start worker process 30
2023/08/23 13:50:31 [notice] 1#1: signal 3 (SIGQUIT) received, shutting down
2023/08/23 13:50:31 [notice] 29#29: gracefully shutting down
2023/08/23 13:50:31 [notice] 29#29: exiting
2023/08/23 13:50:31 [notice] 29#29: exit
2023/08/23 13:50:31 [notice] 30#30: gracefully shutting down
2023/08/23 13:50:31 [notice] 30#30: exiting
2023/08/23 13:50:31 [notice] 30#30: exit
2023/08/23 13:50:31 [notice] 1#1: signal 17 (SIGCHLD) received from 29
2023/08/23 13:50:31 [notice] 1#1: worker process 29 exited with code 0
2023/08/23 13:50:31 [notice] 1#1: worker process 30 exited with code 0
2023/08/23 13:50:31 [notice] 1#1: exit
2023/08/23 13:50:37 [notice] 1#1: using the "epoll" event method
2023/08/23 13:50:37 [notice] 1#1: nginx/1.25.2
2023/08/23 13:50:37 [notice] 1#1: built by gcc 12.2.1 20220924 (Alpine 12.2.1_git20220924-r10) 
2023/08/23 13:50:37 [notice] 1#1: OS: Linux 5.19.0-50-generic
2023/08/23 13:50:37 [notice] 1#1: getrlimit(RLIMIT_NOFILE): 1048576:1048576
2023/08/23 13:50:37 [notice] 1#1: start worker processes
2023/08/23 13:50:37 [notice] 1#1: start worker process 29
2023/08/23 13:50:37 [notice] 1#1: start worker process 30
2023/08/23 14:06:24 [notice] 1#1: signal 3 (SIGQUIT) received, shutting down
2023/08/23 14:06:24 [notice] 29#29: gracefully shutting down
2023/08/23 14:06:24 [notice] 29#29: exiting
2023/08/23 14:06:24 [notice] 29#29: exit
2023/08/23 14:06:24 [notice] 30#30: gracefully shutting down
2023/08/23 14:06:24 [notice] 30#30: exiting
2023/08/23 14:06:24 [notice] 30#30: exit
2023/08/23 14:06:24 [notice] 1#1: signal 17 (SIGCHLD) received from 29
2023/08/23 14:06:24 [notice] 1#1: worker process 29 exited with code 0
2023/08/23 14:06:24 [notice] 1#1: signal 29 (SIGIO) received
2023/08/23 14:06:24 [notice] 1#1: signal 17 (SIGCHLD) received from 30
2023/08/23 14:06:24 [notice] 1#1: worker process 30 exited with code 0
2023/08/23 14:06:24 [notice] 1#1: exit
2023/08/23 14:06:44 [notice] 1#1: using the "epoll" event method
2023/08/23 14:06:44 [notice] 1#1: nginx/1.25.2
2023/08/23 14:06:44 [notice] 1#1: built by gcc 12.2.1 20220924 (Alpine 12.2.1_git20220924-r10) 
2023/08/23 14:06:44 [notice] 1#1: OS: Linux 5.19.0-50-generic
2023/08/23 14:06:44 [notice] 1#1: getrlimit(RLIMIT_NOFILE): 1048576:1048576
2023/08/23 14:06:44 [notice] 1#1: start worker processes
2023/08/23 14:06:44 [notice] 1#1: start worker process 29
2023/08/23 14:06:44 [notice] 1#1: start worker process 30
2023/08/23 14:17:00 [notice] 1#1: signal 3 (SIGQUIT) received, shutting down
2023/08/23 14:17:00 [notice] 29#29: gracefully shutting down
2023/08/23 14:17:00 [notice] 29#29: exiting
2023/08/23 14:17:00 [notice] 29#29: exit
2023/08/23 14:17:00 [notice] 30#30: gracefully shutting down
2023/08/23 14:17:00 [notice] 30#30: exiting
2023/08/23 14:17:00 [notice] 30#30: exit
2023/08/23 14:17:00 [notice] 1#1: signal 17 (SIGCHLD) received from 30
2023/08/23 14:17:00 [notice] 1#1: worker process 29 exited with code 0
2023/08/23 14:17:00 [notice] 1#1: worker process 30 exited with code 0
2023/08/23 14:17:00 [notice] 1#1: exit
2023/08/23 14:23:09 [notice] 1#1: using the "epoll" event method
2023/08/23 14:23:09 [notice] 1#1: nginx/1.25.2
2023/08/23 14:23:09 [notice] 1#1: built by gcc 12.2.1 20220924 (Alpine 12.2.1_git20220924-r10) 
2023/08/23 14:23:09 [notice] 1#1: OS: Linux 5.19.0-50-generic
2023/08/23 14:23:09 [notice] 1#1: getrlimit(RLIMIT_NOFILE): 1048576:1048576
2023/08/23 14:23:09 [notice] 1#1: start worker processes
2023/08/23 14:23:09 [notice] 1#1: start worker process 29
2023/08/23 14:23:09 [notice] 1#1: start worker process 30
2023/08/23 14:24:16 [notice] 1#1: using the "epoll" event method
2023/08/23 14:24:16 [notice] 1#1: nginx/1.25.2
2023/08/23 14:24:16 [notice] 1#1: built by gcc 12.2.1 20220924 (Alpine 12.2.1_git20220924-r10) 
2023/08/23 14:24:16 [notice] 1#1: OS: Linux 5.19.0-50-generic
2023/08/23 14:24:16 [notice] 1#1: getrlimit(RLIMIT_NOFILE): 1048576:1048576
2023/08/23 14:24:16 [notice] 1#1: start worker processes
2023/08/23 14:24:16 [notice] 1#1: start worker process 29
2023/08/23 14:24:16 [notice] 1#1: start worker process 30
2023/08/23 14:27:59 [notice] 1#1: signal 3 (SIGQUIT) received, shutting down
2023/08/23 14:27:59 [notice] 30#30: gracefully shutting down
2023/08/23 14:27:59 [notice] 30#30: exiting
2023/08/23 14:27:59 [notice] 29#29: gracefully shutting down
2023/08/23 14:27:59 [notice] 30#30: exit
2023/08/23 14:27:59 [notice] 29#29: exiting
2023/08/23 14:27:59 [notice] 29#29: exit
2023/08/23 14:27:59 [notice] 1#1: signal 17 (SIGCHLD) received from 30
2023/08/23 14:27:59 [notice] 1#1: worker process 29 exited with code 0
2023/08/23 14:27:59 [notice] 1#1: worker process 30 exited with code 0
2023/08/23 14:27:59 [notice] 1#1: exit
2023/08/23 14:29:19 [notice] 1#1: using the "epoll" event method
2023/08/23 14:29:19 [notice] 1#1: nginx/1.25.2
2023/08/23 14:29:19 [notice] 1#1: built by gcc 12.2.1 20220924 (Alpine 12.2.1_git20220924-r10) 
2023/08/23 14:29:19 [notice] 1#1: OS: Linux 5.19.0-50-generic
2023/08/23 14:29:19 [notice] 1#1: getrlimit(RLIMIT_NOFILE): 1048576:1048576
2023/08/23 14:29:19 [notice] 1#1: start worker processes
2023/08/23 14:29:19 [notice] 1#1: start worker process 28
2023/08/23 14:29:19 [notice] 1#1: start worker process 29
2023/08/23 14:49:54 [notice] 1#1: signal 3 (SIGQUIT) received, shutting down
2023/08/23 14:49:54 [notice] 28#28: gracefully shutting down
2023/08/23 14:49:54 [notice] 29#29: gracefully shutting down
2023/08/23 14:49:54 [notice] 28#28: exiting
2023/08/23 14:49:54 [notice] 29#29: exiting
2023/08/23 14:49:54 [notice] 29#29: exit
2023/08/23 14:49:54 [notice] 28#28: exit
2023/08/23 14:49:54 [notice] 1#1: signal 17 (SIGCHLD) received from 28
2023/08/23 14:49:54 [notice] 1#1: worker process 28 exited with code 0
2023/08/23 14:49:54 [notice] 1#1: signal 29 (SIGIO) received
2023/08/23 14:49:54 [notice] 1#1: signal 17 (SIGCHLD) received from 29
2023/08/23 14:49:54 [notice] 1#1: worker process 29 exited with code 0
2023/08/23 14:49:54 [notice] 1#1: exit
2023/08/23 14:52:11 [notice] 1#1: using the "epoll" event method
2023/08/23 14:52:11 [notice] 1#1: nginx/1.25.2
2023/08/23 14:52:11 [notice] 1#1: built by gcc 12.2.1 20220924 (Alpine 12.2.1_git20220924-r10) 
2023/08/23 14:52:11 [notice] 1#1: OS: Linux 5.19.0-50-generic
2023/08/23 14:52:11 [notice] 1#1: getrlimit(RLIMIT_NOFILE): 1048576:1048576
2023/08/23 14:52:11 [notice] 1#1: start worker processes
2023/08/23 14:52:11 [notice] 1#1: start worker process 29
2023/08/23 14:52:11 [notice] 1#1: start worker process 30
2023/08/23 15:52:44 [notice] 1#1: using the "epoll" event method
2023/08/23 15:52:44 [notice] 1#1: nginx/1.25.2
2023/08/23 15:52:44 [notice] 1#1: built by gcc 12.2.1 20220924 (Alpine 12.2.1_git20220924-r10) 
2023/08/23 15:52:44 [notice] 1#1: OS: Linux 5.19.0-50-generic
2023/08/23 15:52:44 [notice] 1#1: getrlimit(RLIMIT_NOFILE): 1048576:1048576
2023/08/23 15:52:44 [notice] 1#1: start worker processes
2023/08/23 15:52:44 [notice] 1#1: start worker process 29
2023/08/23 15:52:44 [notice] 1#1: start worker process 30
2023/08/23 15:54:29 [notice] 1#1: using the "epoll" event method
2023/08/23 15:54:29 [notice] 1#1: nginx/1.25.2
2023/08/23 15:54:29 [notice] 1#1: built by gcc 12.2.1 20220924 (Alpine 12.2.1_git20220924-r10) 
2023/08/23 15:54:29 [notice] 1#1: OS: Linux 5.19.0-50-generic
2023/08/23 15:54:29 [notice] 1#1: getrlimit(RLIMIT_NOFILE): 1048576:1048576
2023/08/23 15:54:29 [notice] 1#1: start worker processes
2023/08/23 15:54:29 [notice] 1#1: start worker process 29
2023/08/23 15:54:29 [notice] 1#1: start worker process 30
2023/08/23 18:32:46 [notice] 1#1: using the "epoll" event method
2023/08/23 18:32:46 [notice] 1#1: nginx/1.25.2
2023/08/23 18:32:46 [notice] 1#1: built by gcc 12.2.1 20220924 (Alpine 12.2.1_git20220924-r10) 
2023/08/23 18:32:46 [notice] 1#1: OS: Linux 5.19.0-50-generic
2023/08/23 18:32:46 [notice] 1#1: getrlimit(RLIMIT_NOFILE): 1048576:1048576
2023/08/23 18:32:46 [notice] 1#1: start worker processes
2023/08/23 18:32:46 [notice] 1#1: start worker process 29
2023/08/23 18:32:46 [notice] 1#1: start worker process 30
2023/08/23 18:34:35 [notice] 1#1: using the "epoll" event method
2023/08/23 18:34:35 [notice] 1#1: nginx/1.25.2
2023/08/23 18:34:35 [notice] 1#1: built by gcc 12.2.1 20220924 (Alpine 12.2.1_git20220924-r10) 
2023/08/23 18:34:35 [notice] 1#1: OS: Linux 5.19.0-50-generic
2023/08/23 18:34:35 [notice] 1#1: getrlimit(RLIMIT_NOFILE): 1048576:1048576
2023/08/23 18:34:35 [notice] 1#1: start worker processes
2023/08/23 18:34:35 [notice] 1#1: start worker process 29
2023/08/23 18:34:35 [notice] 1#1: start worker process 30
2023/08/23 18:40:03 [notice] 1#1: using the "epoll" event method
2023/08/23 18:40:03 [notice] 1#1: nginx/1.25.2
2023/08/23 18:40:03 [notice] 1#1: built by gcc 12.2.1 20220924 (Alpine 12.2.1_git20220924-r10) 
2023/08/23 18:40:03 [notice] 1#1: OS: Linux 5.19.0-50-generic
2023/08/23 18:40:03 [notice] 1#1: getrlimit(RLIMIT_NOFILE): 1048576:1048576
2023/08/23 18:40:03 [notice] 1#1: start worker processes
2023/08/23 18:40:03 [notice] 1#1: start worker process 28
2023/08/23 18:40:03 [notice] 1#1: start worker process 29
